<?xml version="1.0" encoding="UTF-8"?>
<testsuite xmlns:xsi="http://www.w3.org/2001/XMLSchema-instance" xsi:noNamespaceSchemaLocation="https://maven.apache.org/surefire/maven-surefire-plugin/xsd/surefire-test-report.xsd" version="3.0.2" name="io.github.redouanebali.integration.TournamentIntegrationTest" time="4.174" tests="7" errors="0" skipped="0" failures="0">
  <properties>
[...]
</properties>
  <testcase name="testTournamentWithoutPlayers" classname="io.github.redouanebali.integration.TournamentIntegrationTest" time="0.436">
    <system-out><![CDATA[
  .   ____          _            __ _ _
 /\\ / ___'_ __ _ _(_)_ __  __ _ \ \ \ \
( ( )\___ | '_ | '_| | '_ \/ _` | \ \ \ \
 \\/  ___)| |_)| | | | | || (_| |  ) ) ) )
  '  |____| .__|_| |_|_| |_\__, | / / / /
 =========|_|==============|___/=/_/_/_/

 :: Spring Boot ::                (v3.5.4)

2025-10-05T12:01:22.973+01:00  INFO 41026 --- [           main] i.g.r.i.TournamentIntegrationTest        : Starting TournamentIntegrationTest using Java 21.0.2 with PID 41026 (started by mac-RBALI19 in /Users/mac-RBALI19/Documents/GitHub/padel-tournament-manager/backend/api)
2025-10-05T12:01:22.974+01:00  INFO 41026 --- [           main] i.g.r.i.TournamentIntegrationTest        : The following 1 profile is active: "h2"
2025-10-05T12:01:23.445+01:00  INFO 41026 --- [           main] .s.d.r.c.RepositoryConfigurationDelegate : Bootstrapping Spring Data JPA repositories in DEFAULT mode.
2025-10-05T12:01:23.487+01:00  INFO 41026 --- [           main] .s.d.r.c.RepositoryConfigurationDelegate : Finished Spring Data repository scanning in 36 ms. Found 2 JPA repository interfaces.
2025-10-05T12:01:23.920+01:00  INFO 41026 --- [           main] com.zaxxer.hikari.HikariDataSource       : HikariPool-1 - Starting...
2025-10-05T12:01:24.125+01:00  INFO 41026 --- [           main] com.zaxxer.hikari.pool.HikariPool        : HikariPool-1 - Added connection conn0: url=jdbc:h2:mem:testdb user=SA
2025-10-05T12:01:24.126+01:00  INFO 41026 --- [           main] com.zaxxer.hikari.HikariDataSource       : HikariPool-1 - Start completed.
2025-10-05T12:01:24.174+01:00  INFO 41026 --- [           main] org.flywaydb.core.FlywayExecutor         : Database: jdbc:h2:mem:testdb (H2 2.3)
2025-10-05T12:01:24.198+01:00  INFO 41026 --- [           main] o.f.c.i.s.JdbcTableSchemaHistory         : Schema history table "PUBLIC"."flyway_schema_history" does not exist yet
2025-10-05T12:01:24.200+01:00  INFO 41026 --- [           main] o.f.core.internal.command.DbValidate     : Successfully validated 1 migration (execution time 00:00.009s)
2025-10-05T12:01:24.206+01:00  INFO 41026 --- [           main] o.f.c.i.s.JdbcTableSchemaHistory         : Creating Schema History table "PUBLIC"."flyway_schema_history" ...
2025-10-05T12:01:24.228+01:00  INFO 41026 --- [           main] o.f.core.internal.command.DbMigrate      : Current version of schema "PUBLIC": << Empty Schema >>
2025-10-05T12:01:24.239+01:00  INFO 41026 --- [           main] o.f.core.internal.command.DbMigrate      : Migrating schema "PUBLIC" to version "1 - init schema"
2025-10-05T12:01:24.266+01:00  INFO 41026 --- [           main] o.f.core.internal.command.DbMigrate      : Successfully applied 1 migration to schema "PUBLIC", now at version v1 (execution time 00:00.018s)
2025-10-05T12:01:24.326+01:00  INFO 41026 --- [           main] o.hibernate.jpa.internal.util.LogHelper  : HHH000204: Processing PersistenceUnitInfo [name: default]
2025-10-05T12:01:24.360+01:00  INFO 41026 --- [           main] org.hibernate.Version                    : HHH000412: Hibernate ORM core version 6.6.22.Final
2025-10-05T12:01:24.382+01:00  INFO 41026 --- [           main] o.h.c.internal.RegionFactoryInitiator    : HHH000026: Second-level cache disabled
2025-10-05T12:01:24.570+01:00  INFO 41026 --- [           main] o.s.o.j.p.SpringPersistenceUnitInfo      : No LoadTimeWeaver setup: ignoring JPA class transformer
2025-10-05T12:01:24.601+01:00  WARN 41026 --- [           main] org.hibernate.orm.deprecation            : HHH90000025: H2Dialect does not need to be specified explicitly using 'hibernate.dialect' (remove the property setting and it will be selected by default)
2025-10-05T12:01:24.609+01:00  INFO 41026 --- [           main] org.hibernate.orm.connections.pooling    : HHH10001005: Database info:
	Database JDBC URL [Connecting through datasource 'HikariDataSource (HikariPool-1)']
	Database driver: undefined/unknown
	Database version: 2.3.232
	Autocommit mode: undefined/unknown
	Isolation level: undefined/unknown
	Minimum pool size: undefined/unknown
	Maximum pool size: undefined/unknown
2025-10-05T12:01:25.472+01:00  INFO 41026 --- [           main] o.h.e.t.j.p.i.JtaPlatformInitiator       : HHH000489: No JTA platform available (set 'hibernate.transaction.jta.platform' to enable JTA platform integration)
2025-10-05T12:01:25.473+01:00  INFO 41026 --- [           main] j.LocalContainerEntityManagerFactoryBean : Initialized JPA EntityManagerFactory for persistence unit 'default'
2025-10-05T12:01:25.725+01:00  WARN 41026 --- [           main] JpaBaseConfiguration$JpaWebConfiguration : spring.jpa.open-in-view is enabled by default. Therefore, database queries may be performed during view rendering. Explicitly configure spring.jpa.open-in-view to disable this warning
2025-10-05T12:01:26.120+01:00  INFO 41026 --- [           main] o.s.b.a.h2.H2ConsoleAutoConfiguration    : H2 console available at '/h2-console'. Database available at 'jdbc:h2:mem:testdb'
2025-10-05T12:01:26.164+01:00  INFO 41026 --- [           main] i.g.r.i.TournamentIntegrationTest        : Started TournamentIntegrationTest in 3.397 seconds (process running for 4.273)
2025-10-05T12:01:26.594+01:00  INFO 41026 --- [           main] i.g.r.service.DrawGenerationService      : Generated draw (auto) for tournament id 1
]]></system-out>
    <system-err><![CDATA[WARNING: A Java agent has been loaded dynamically (/Users/mac-RBALI19/.m2/repository/net/bytebuddy/byte-buddy-agent/1.17.6/byte-buddy-agent-1.17.6.jar)
WARNING: If a serviceability tool is in use, please run with -XX:+EnableDynamicAgentLoading to hide this warning
WARNING: If a serviceability tool is not in use, please run with -Djdk.instrument.traceUsage for more information
WARNING: Dynamic loading of agents will be disallowed by default in a future release
]]></system-err>
  </testcase>
  <testcase name="testTournamentWithInsufficientPlayers" classname="io.github.redouanebali.integration.TournamentIntegrationTest" time="0.027">
    <system-out><![CDATA[2025-10-05T12:01:26.612+01:00  INFO 41026 --- [           main] i.g.r.service.PlayerPairService          : Adding 2 player pairs to tournament 2 by user io.github.redouanebali.api.integration@test.com
2025-10-05T12:01:26.629+01:00  INFO 41026 --- [           main] i.g.r.service.DrawGenerationService      : Generated draw (auto) for tournament id 2
]]></system-out>
  </testcase>
  <testcase name="testAddPairsToNonExistentTournament" classname="io.github.redouanebali.integration.TournamentIntegrationTest" time="0.019"/>
  <testcase name="testFullTournamentLifecycle" classname="io.github.redouanebali.integration.TournamentIntegrationTest" time="0.014">
    <system-out><![CDATA[2025-10-05T12:01:26.660+01:00  INFO 41026 --- [           main] i.g.r.service.PlayerPairService          : Adding 4 player pairs to tournament 3 by user io.github.redouanebali.api.integration@test.com
2025-10-05T12:01:26.665+01:00  INFO 41026 --- [           main] i.g.r.service.DrawGenerationService      : Generated draw (auto) for tournament id 3
]]></system-out>
  </testcase>
  <testcase name="testDeleteTournament" classname="io.github.redouanebali.integration.TournamentIntegrationTest" time="0.006"/>
  <testcase name="testUpdateTournament" classname="io.github.redouanebali.integration.TournamentIntegrationTest" time="0.004"/>
  <testcase name="testPersistenceTournament" classname="io.github.redouanebali.integration.TournamentIntegrationTest" time="0.005"/>
</testsuite>