<?xml version="1.0" encoding="UTF-8"?>
<testsuite xmlns:xsi="http://www.w3.org/2001/XMLSchema-instance" xsi:noNamespaceSchemaLocation="https://maven.apache.org/surefire/maven-surefire-plugin/xsd/surefire-test-report.xsd" version="3.0.2" name="io.github.redouanebali.generation.util.StaggeredSeedPlacementUtilTest" time="0.237" tests="13" errors="0" skipped="0" failures="0">
  <properties>
[...]
</properties>
  <testcase name="testSecondRound_SeedsArePlaced(int, int)[1]" classname="io.github.redouanebali.generation.util.StaggeredSeedPlacementUtilTest" time="0.209"/>
  <testcase name="testSecondRound_SeedsArePlaced(int, int)[2]" classname="io.github.redouanebali.generation.util.StaggeredSeedPlacementUtilTest" time="0.003"/>
  <testcase name="testSecondRound_SeedsArePlaced(int, int)[3]" classname="io.github.redouanebali.generation.util.StaggeredSeedPlacementUtilTest" time="0.003"/>
  <testcase name="testSecondRound_SeedsArePlaced(int, int)[4]" classname="io.github.redouanebali.generation.util.StaggeredSeedPlacementUtilTest" time="0.002"/>
  <testcase name="testSecondRound_SeedsArePlaced(int, int)[5]" classname="io.github.redouanebali.generation.util.StaggeredSeedPlacementUtilTest" time="0.002"/>
  <testcase name="testHandlesNullInputs" classname="io.github.redouanebali.generation.util.StaggeredSeedPlacementUtilTest" time="0.0"/>
  <testcase name="testSeedsAlreadyEntered_NotPlacedAgain" classname="io.github.redouanebali.generation.util.StaggeredSeedPlacementUtilTest" time="0.002"/>
  <testcase name="testNoSeeds_NoPlacementOrQualifier" classname="io.github.redouanebali.generation.util.StaggeredSeedPlacementUtilTest" time="0.0"/>
  <testcase name="testFirstRound_AllSeedSlotsAreQualifier(int, int)[1]" classname="io.github.redouanebali.generation.util.StaggeredSeedPlacementUtilTest" time="0.002"/>
  <testcase name="testFirstRound_AllSeedSlotsAreQualifier(int, int)[2]" classname="io.github.redouanebali.generation.util.StaggeredSeedPlacementUtilTest" time="0.002"/>
  <testcase name="testFirstRound_AllSeedSlotsAreQualifier(int, int)[3]" classname="io.github.redouanebali.generation.util.StaggeredSeedPlacementUtilTest" time="0.002"/>
  <testcase name="testFirstRound_AllSeedSlotsAreQualifier(int, int)[4]" classname="io.github.redouanebali.generation.util.StaggeredSeedPlacementUtilTest" time="0.002"/>
  <testcase name="testFirstRound_AllSeedSlotsAreQualifier(int, int)[5]" classname="io.github.redouanebali.generation.util.StaggeredSeedPlacementUtilTest" time="0.001"/>
</testsuite>