<?xml version="1.0" encoding="UTF-8"?>
<testsuite xmlns:xsi="http://www.w3.org/2001/XMLSchema-instance" xsi:noNamespaceSchemaLocation="https://maven.apache.org/surefire/maven-surefire-plugin/xsd/surefire-test-report.xsd" version="3.0.2" name="io.github.redouanebali.generation.util.ByePlacementUtilTest" time="0.028" tests="14" errors="0" skipped="0" failures="0">
  <properties>
[...]
</properties>
  <testcase name="testPlaceByeTeams_ManualDeclaredSeedsButNotPlaced(int, int, int)[1]" classname="io.github.redouanebali.generation.util.ByePlacementUtilTest" time="0.005"/>
  <testcase name="testPlaceByeTeams_ManualDeclaredSeedsButNotPlaced(int, int, int)[2]" classname="io.github.redouanebali.generation.util.ByePlacementUtilTest" time="0.002"/>
  <testcase name="testPlaceByeTeams_ManualDeclaredSeedsButNotPlaced(int, int, int)[3]" classname="io.github.redouanebali.generation.util.ByePlacementUtilTest" time="0.001"/>
  <testcase name="testPlaceByeTeams_LastResortPlacement" classname="io.github.redouanebali.generation.util.ByePlacementUtilTest" time="0.001"/>
  <testcase name="testPlaceByeTeams_WithQualifiers" classname="io.github.redouanebali.generation.util.ByePlacementUtilTest" time="0.002"/>
  <testcase name="testPlaceByeTeams_ThrowsException_ForInvalidInputs" classname="io.github.redouanebali.generation.util.ByePlacementUtilTest" time="0.001"/>
  <testcase name="testPlaceByeTeams_NoByesNeeded_WhenDrawIsFull" classname="io.github.redouanebali.generation.util.ByePlacementUtilTest" time="0.001"/>
  <testcase name="testPlaceByeTeams_HandlesExistingByes" classname="io.github.redouanebali.generation.util.ByePlacementUtilTest" time="0.001"/>
  <testcase name="testPlaceByeTeams_AutoSeeds(int, int, int)[1]" classname="io.github.redouanebali.generation.util.ByePlacementUtilTest" time="0.002"/>
  <testcase name="testPlaceByeTeams_AutoSeeds(int, int, int)[2]" classname="io.github.redouanebali.generation.util.ByePlacementUtilTest" time="0.003"/>
  <testcase name="testPlaceByeTeams_AutoSeeds(int, int, int)[3]" classname="io.github.redouanebali.generation.util.ByePlacementUtilTest" time="0.002"/>
  <testcase name="testPlaceByeTeams_AutoSeeds(int, int, int)[4]" classname="io.github.redouanebali.generation.util.ByePlacementUtilTest" time="0.001"/>
  <testcase name="testPlaceByeTeams_FallbackPlacement" classname="io.github.redouanebali.generation.util.ByePlacementUtilTest" time="0.0"/>
  <testcase name="testPlaceByeTeams_ThrowsException_WhenNotEnoughSlots" classname="io.github.redouanebali.generation.util.ByePlacementUtilTest" time="0.0"/>
</testsuite>